<?xml version="1.0" encoding="UTF-8"?>
<testsuite name="xyz.kpzip.kspice.tests.CircuitTests" tests="1" skipped="0" failures="0" errors="0" timestamp="2024-02-12T02:27:42" hostname="KYLE-DESKTOP1" time="0.027">
  <properties/>
  <testcase name="lightTest()" classname="xyz.kpzip.kspice.tests.CircuitTests" time="0.027"/>
  <system-out><![CDATA[]]></system-out>
  <system-err><![CDATA[]]></system-err>
</testsuite>
